<?xml version="1.0" encoding="UTF-8"?>
<!-- Generated by org.testng.reporters.JUnitXMLReporter -->
<testsuite ignored="0" hostname="Zenas-MBP.lan" failures="0" tests="2" name="Default test" time="0.149" errors="0" timestamp="2023-04-05T19:20:15 EDT">
  <testcase classname="jUnitTestingPackage.AnnotationTesting" name="InvalidUsernameAndValidPassword" time="0.008"/>
  <testcase classname="jUnitTestingPackage.AnnotationTesting" name="ValidUsernameAndValidPassword" time="0.002"/>
</testsuite> <!-- Default test -->
