<?xml version="1.0" encoding="UTF-8"?>
<testng-results ignored="0" total="2" passed="2" failed="0" skipped="0">
  <reporter-output>
  </reporter-output>
  <suite started-at="2023-04-05T19:20:14 EDT" name="Default suite" finished-at="2023-04-05T19:20:15 EDT" duration-ms="149">
    <groups>
    </groups>
    <test started-at="2023-04-05T19:20:14 EDT" name="Default test" finished-at="2023-04-05T19:20:15 EDT" duration-ms="149">
      <class name="jUnitTestingPackage.AnnotationTesting">
        <test-method is-config="true" signature="before()[pri:0, instance:jUnitTestingPackage.AnnotationTesting@434a63ab]" started-at="2023-04-05T19:20:15 EDT" name="before" finished-at="2023-04-05T19:20:15 EDT" duration-ms="24" status="PASS">
          <reporter-output>
          </reporter-output>
        </test-method> <!-- before -->
        <test-method signature="InvalidUsernameAndValidPassword()[pri:0, instance:jUnitTestingPackage.AnnotationTesting@434a63ab]" started-at="2023-04-05T19:20:15 EDT" name="InvalidUsernameAndValidPassword" finished-at="2023-04-05T19:20:15 EDT" duration-ms="8" status="PASS">
          <reporter-output>
          </reporter-output>
        </test-method> <!-- InvalidUsernameAndValidPassword -->
        <test-method is-config="true" signature="after()[pri:0, instance:jUnitTestingPackage.AnnotationTesting@434a63ab]" started-at="2023-04-05T19:20:15 EDT" name="after" finished-at="2023-04-05T19:20:15 EDT" duration-ms="1" status="PASS">
          <reporter-output>
          </reporter-output>
        </test-method> <!-- after -->
        <test-method is-config="true" signature="before()[pri:0, instance:jUnitTestingPackage.AnnotationTesting@434a63ab]" started-at="2023-04-05T19:20:15 EDT" name="before" finished-at="2023-04-05T19:20:15 EDT" duration-ms="1" status="PASS">
          <reporter-output>
          </reporter-output>
        </test-method> <!-- before -->
        <test-method signature="ValidUsernameAndValidPassword()[pri:0, instance:jUnitTestingPackage.AnnotationTesting@434a63ab]" started-at="2023-04-05T19:20:15 EDT" name="ValidUsernameAndValidPassword" finished-at="2023-04-05T19:20:15 EDT" duration-ms="2" status="PASS">
          <reporter-output>
          </reporter-output>
        </test-method> <!-- ValidUsernameAndValidPassword -->
        <test-method is-config="true" signature="after()[pri:0, instance:jUnitTestingPackage.AnnotationTesting@434a63ab]" started-at="2023-04-05T19:20:15 EDT" name="after" finished-at="2023-04-05T19:20:15 EDT" duration-ms="2" status="PASS">
          <reporter-output>
          </reporter-output>
        </test-method> <!-- after -->
      </class> <!-- jUnitTestingPackage.AnnotationTesting -->
    </test> <!-- Default test -->
  </suite> <!-- Default suite -->
</testng-results>
